2020.09.10 00:38:10 INFO  started: Metals version 0.9.2 in workspace '/Users/kushirotaichi/dev/optimization-lib' for client coc-metals.
2020.09.10 00:38:10 INFO  time: initialize in 0.41s
2020.09.10 00:40:02 INFO  started: Metals version 0.9.2 in workspace '/Users/kushirotaichi/dev/optimization-lib' for client coc-metals.
2020.09.10 00:40:02 INFO  time: initialize in 0.31s
2020.09.10 00:40:03 INFO  no build target: using presentation compiler with only scala-library
2020.09.10 00:40:03 INFO  skipping build import with status 'Dismissed'
2020.09.10 00:40:04 WARN  no build target for: /Users/kushirotaichi/dev/optimization-lib/src/main/scala/optimization/lib/shift-scheduling/Model.scala
2020.09.10 00:40:26 WARN  no build target for: /Users/kushirotaichi/dev/optimization-lib/src/main/scala/optimization/lib/shift-scheduling/Model.scala
9 10, 2020 12:40:54 午前 scala.meta.internal.pc.CompilerAccess retryWithCleanCompiler
情報: compiler crashed due to an error in the Scala compiler, retrying with new compiler instance.
9 10, 2020 12:40:54 午前 scala.meta.internal.pc.CompilerAccess handleError
重大: implicit class <error> extends  (of class scala.reflect.internal.Trees$ClassDef)
scala.MatchError: implicit class <error> extends  (of class scala.reflect.internal.Trees$ClassDef)
	at scala.tools.nsc.typechecker.Unapplies.constrParamss(Unapplies.scala:64)
	at scala.tools.nsc.typechecker.Unapplies.factoryMeth(Unapplies.scala:141)
	at scala.tools.nsc.typechecker.Unapplies.factoryMeth$(Unapplies.scala:138)
	at scala.meta.internal.pc.MetalsGlobal$MetalsInteractiveAnalyzer.factoryMeth(MetalsGlobal.scala:58)
	at scala.tools.nsc.typechecker.MethodSynthesis$MethodSynth.enterImplicitWrapper(MethodSynthesis.scala:229)
	at scala.tools.nsc.typechecker.MethodSynthesis$MethodSynth.enterImplicitWrapper$(MethodSynthesis.scala:228)
	at scala.tools.nsc.typechecker.Namers$Namer.enterImplicitWrapper(Namers.scala:58)
	at scala.tools.nsc.interactive.InteractiveAnalyzer$InteractiveNamer.enterExistingSym(Global.scala:94)
	at scala.tools.nsc.interactive.InteractiveAnalyzer$InteractiveNamer.enterExistingSym$(Global.scala:80)
	at scala.tools.nsc.interactive.InteractiveAnalyzer$$anon$2.enterExistingSym(Global.scala:51)
	at scala.tools.nsc.typechecker.Namers$Namer.standardEnterSym(Namers.scala:298)
	at scala.tools.nsc.typechecker.AnalyzerPlugins.pluginsEnterSym(AnalyzerPlugins.scala:479)
	at scala.tools.nsc.typechecker.AnalyzerPlugins.pluginsEnterSym$(AnalyzerPlugins.scala:478)
	at scala.meta.internal.pc.MetalsGlobal$MetalsInteractiveAnalyzer.pluginsEnterSym(MetalsGlobal.scala:58)
	at scala.tools.nsc.typechecker.Namers$Namer.enterSym(Namers.scala:272)
	at scala.tools.nsc.typechecker.Typers$Typer.enterSym(Typers.scala:1933)
	at scala.tools.nsc.typechecker.Typers$Typer.$anonfun$enterSyms$1(Typers.scala:1928)
	at scala.tools.nsc.typechecker.Typers$Typer.enterSyms(Typers.scala:1928)
	at scala.tools.nsc.typechecker.Typers$Typer.typedTemplate(Typers.scala:1990)
	at scala.tools.nsc.typechecker.Typers$Typer.typedClassDef(Typers.scala:1830)
	at scala.tools.nsc.typechecker.Typers$Typer.typed1(Typers.scala:5644)
	at scala.tools.nsc.typechecker.Typers$Typer.typed(Typers.scala:5724)
	at scala.tools.nsc.typechecker.Typers$Typer.typedStat$1(Typers.scala:5788)
	at scala.tools.nsc.typechecker.Typers$Typer.$anonfun$typedStats$10(Typers.scala:3335)
	at scala.tools.nsc.typechecker.Typers$Typer.typedStats(Typers.scala:3335)
	at scala.tools.nsc.typechecker.Typers$Typer.typedPackageDef$1(Typers.scala:5354)
	at scala.tools.nsc.typechecker.Typers$Typer.typed1(Typers.scala:5647)
	at scala.tools.nsc.typechecker.Typers$Typer.typed(Typers.scala:5724)
	at scala.tools.nsc.typechecker.Analyzer$typerFactory$TyperPhase.apply(Analyzer.scala:115)
	at scala.tools.nsc.Global$GlobalPhase.applyPhase(Global.scala:454)
	at scala.tools.nsc.interactive.Global$TyperRun.$anonfun$applyPhase$1(Global.scala:1340)
	at scala.tools.nsc.interactive.Global$TyperRun.applyPhase(Global.scala:1340)
	at scala.tools.nsc.interactive.Global$TyperRun.typeCheck(Global.scala:1333)
	at scala.tools.nsc.interactive.Global.typeCheck(Global.scala:665)
	at scala.tools.nsc.interactive.Global.typedTreeAt(Global.scala:814)
	at scala.tools.nsc.interactive.Global.completionsAt(Global.scala:1225)
	at scala.meta.internal.pc.CompletionProvider.safeCompletionsAt(CompletionProvider.scala:397)
	at scala.meta.internal.pc.CompletionProvider.completions(CompletionProvider.scala:57)

9 10, 2020 12:40:54 午前 scala.meta.internal.pc.CompilerAccess retryWithCleanCompiler
情報: compiler crashed due to an error in the Scala compiler, retrying with new compiler instance.
9 10, 2020 12:40:54 午前 scala.meta.internal.pc.CompilerAccess handleError
重大: implicit class <error> extends  (of class scala.reflect.internal.Trees$ClassDef)
scala.MatchError: implicit class <error> extends  (of class scala.reflect.internal.Trees$ClassDef)
	at scala.tools.nsc.typechecker.Unapplies.constrParamss(Unapplies.scala:64)
	at scala.tools.nsc.typechecker.Unapplies.factoryMeth(Unapplies.scala:141)
	at scala.tools.nsc.typechecker.Unapplies.factoryMeth$(Unapplies.scala:138)
	at scala.meta.internal.pc.MetalsGlobal$MetalsInteractiveAnalyzer.factoryMeth(MetalsGlobal.scala:58)
	at scala.tools.nsc.typechecker.MethodSynthesis$MethodSynth.enterImplicitWrapper(MethodSynthesis.scala:229)
	at scala.tools.nsc.typechecker.MethodSynthesis$MethodSynth.enterImplicitWrapper$(MethodSynthesis.scala:228)
	at scala.tools.nsc.typechecker.Namers$Namer.enterImplicitWrapper(Namers.scala:58)
	at scala.tools.nsc.interactive.InteractiveAnalyzer$InteractiveNamer.enterExistingSym(Global.scala:94)
	at scala.tools.nsc.interactive.InteractiveAnalyzer$InteractiveNamer.enterExistingSym$(Global.scala:80)
	at scala.tools.nsc.interactive.InteractiveAnalyzer$$anon$2.enterExistingSym(Global.scala:51)
	at scala.tools.nsc.typechecker.Namers$Namer.standardEnterSym(Namers.scala:298)
	at scala.tools.nsc.typechecker.AnalyzerPlugins.pluginsEnterSym(AnalyzerPlugins.scala:479)
	at scala.tools.nsc.typechecker.AnalyzerPlugins.pluginsEnterSym$(AnalyzerPlugins.scala:478)
	at scala.meta.internal.pc.MetalsGlobal$MetalsInteractiveAnalyzer.pluginsEnterSym(MetalsGlobal.scala:58)
	at scala.tools.nsc.typechecker.Namers$Namer.enterSym(Namers.scala:272)
	at scala.tools.nsc.typechecker.Typers$Typer.enterSym(Typers.scala:1933)
	at scala.tools.nsc.typechecker.Typers$Typer.$anonfun$enterSyms$1(Typers.scala:1928)
	at scala.tools.nsc.typechecker.Typers$Typer.enterSyms(Typers.scala:1928)
	at scala.tools.nsc.typechecker.Typers$Typer.typedTemplate(Typers.scala:1990)
	at scala.tools.nsc.typechecker.Typers$Typer.typedClassDef(Typers.scala:1830)
	at scala.tools.nsc.typechecker.Typers$Typer.typed1(Typers.scala:5644)
	at scala.tools.nsc.typechecker.Typers$Typer.typed(Typers.scala:5724)
	at scala.tools.nsc.typechecker.Typers$Typer.typedStat$1(Typers.scala:5788)
	at scala.tools.nsc.typechecker.Typers$Typer.$anonfun$typedStats$10(Typers.scala:3335)
	at scala.tools.nsc.typechecker.Typers$Typer.typedStats(Typers.scala:3335)
	at scala.tools.nsc.typechecker.Typers$Typer.typedPackageDef$1(Typers.scala:5354)
	at scala.tools.nsc.typechecker.Typers$Typer.typed1(Typers.scala:5647)
	at scala.tools.nsc.typechecker.Typers$Typer.typed(Typers.scala:5724)
	at scala.tools.nsc.typechecker.Analyzer$typerFactory$TyperPhase.apply(Analyzer.scala:115)
	at scala.tools.nsc.Global$GlobalPhase.applyPhase(Global.scala:454)
	at scala.tools.nsc.interactive.Global$TyperRun.$anonfun$applyPhase$1(Global.scala:1340)
	at scala.tools.nsc.interactive.Global$TyperRun.applyPhase(Global.scala:1340)
	at scala.tools.nsc.interactive.Global$TyperRun.typeCheck(Global.scala:1333)
	at scala.tools.nsc.interactive.Global.typeCheck(Global.scala:665)
	at scala.tools.nsc.interactive.Global.typedTreeAt(Global.scala:814)
	at scala.tools.nsc.interactive.Global.completionsAt(Global.scala:1225)
	at scala.meta.internal.pc.CompletionProvider.safeCompletionsAt(CompletionProvider.scala:397)
	at scala.meta.internal.pc.CompletionProvider.completions(CompletionProvider.scala:57)

9 10, 2020 12:40:59 午前 scala.meta.internal.pc.CompilerAccess retryWithCleanCompiler
情報: compiler crashed due to an error in the Scala compiler, retrying with new compiler instance.
9 10, 2020 12:40:59 午前 scala.meta.internal.pc.CompilerAccess handleError
重大: implicit class <error> extends  (of class scala.reflect.internal.Trees$ClassDef)
scala.MatchError: implicit class <error> extends  (of class scala.reflect.internal.Trees$ClassDef)
	at scala.tools.nsc.typechecker.Unapplies.constrParamss(Unapplies.scala:64)
	at scala.tools.nsc.typechecker.Unapplies.factoryMeth(Unapplies.scala:141)
	at scala.tools.nsc.typechecker.Unapplies.factoryMeth$(Unapplies.scala:138)
	at scala.meta.internal.pc.MetalsGlobal$MetalsInteractiveAnalyzer.factoryMeth(MetalsGlobal.scala:58)
	at scala.tools.nsc.typechecker.MethodSynthesis$MethodSynth.enterImplicitWrapper(MethodSynthesis.scala:229)
	at scala.tools.nsc.typechecker.MethodSynthesis$MethodSynth.enterImplicitWrapper$(MethodSynthesis.scala:228)
	at scala.tools.nsc.typechecker.Namers$Namer.enterImplicitWrapper(Namers.scala:58)
	at scala.tools.nsc.interactive.InteractiveAnalyzer$InteractiveNamer.enterExistingSym(Global.scala:94)
	at scala.tools.nsc.interactive.InteractiveAnalyzer$InteractiveNamer.enterExistingSym$(Global.scala:80)
	at scala.tools.nsc.interactive.InteractiveAnalyzer$$anon$2.enterExistingSym(Global.scala:51)
	at scala.tools.nsc.typechecker.Namers$Namer.standardEnterSym(Namers.scala:298)
	at scala.tools.nsc.typechecker.AnalyzerPlugins.pluginsEnterSym(AnalyzerPlugins.scala:479)
	at scala.tools.nsc.typechecker.AnalyzerPlugins.pluginsEnterSym$(AnalyzerPlugins.scala:478)
	at scala.meta.internal.pc.MetalsGlobal$MetalsInteractiveAnalyzer.pluginsEnterSym(MetalsGlobal.scala:58)
	at scala.tools.nsc.typechecker.Namers$Namer.enterSym(Namers.scala:272)
	at scala.tools.nsc.typechecker.Typers$Typer.enterSym(Typers.scala:1933)
	at scala.tools.nsc.typechecker.Typers$Typer.$anonfun$enterSyms$1(Typers.scala:1928)
	at scala.tools.nsc.typechecker.Typers$Typer.enterSyms(Typers.scala:1928)
	at scala.tools.nsc.typechecker.Typers$Typer.typedTemplate(Typers.scala:1990)
	at scala.tools.nsc.typechecker.Typers$Typer.typedClassDef(Typers.scala:1830)
	at scala.tools.nsc.typechecker.Typers$Typer.typed1(Typers.scala:5644)
	at scala.tools.nsc.typechecker.Typers$Typer.typed(Typers.scala:5724)
	at scala.tools.nsc.typechecker.Typers$Typer.typedStat$1(Typers.scala:5788)
	at scala.tools.nsc.typechecker.Typers$Typer.$anonfun$typedStats$10(Typers.scala:3335)
	at scala.tools.nsc.typechecker.Typers$Typer.typedStats(Typers.scala:3335)
	at scala.tools.nsc.typechecker.Typers$Typer.typedPackageDef$1(Typers.scala:5354)
	at scala.tools.nsc.typechecker.Typers$Typer.typed1(Typers.scala:5647)
	at scala.tools.nsc.typechecker.Typers$Typer.typed(Typers.scala:5724)
	at scala.tools.nsc.typechecker.Analyzer$typerFactory$TyperPhase.apply(Analyzer.scala:115)
	at scala.tools.nsc.Global$GlobalPhase.applyPhase(Global.scala:454)
	at scala.tools.nsc.interactive.Global$TyperRun.$anonfun$applyPhase$1(Global.scala:1340)
	at scala.tools.nsc.interactive.Global$TyperRun.applyPhase(Global.scala:1340)
	at scala.tools.nsc.interactive.Global$TyperRun.typeCheck(Global.scala:1333)
	at scala.tools.nsc.interactive.Global.typeCheck(Global.scala:665)
	at scala.tools.nsc.interactive.Global.typedTreeAt(Global.scala:814)
	at scala.tools.nsc.interactive.Global.completionsAt(Global.scala:1225)
	at scala.meta.internal.pc.CompletionProvider.safeCompletionsAt(CompletionProvider.scala:397)
	at scala.meta.internal.pc.CompletionProvider.completions(CompletionProvider.scala:57)

9 10, 2020 12:41:00 午前 scala.meta.internal.pc.CompilerAccess retryWithCleanCompiler
情報: compiler crashed due to an error in the Scala compiler, retrying with new compiler instance.
9 10, 2020 12:41:00 午前 scala.meta.internal.pc.CompilerAccess handleError
重大: implicit class <error> extends  (of class scala.reflect.internal.Trees$ClassDef)
scala.MatchError: implicit class <error> extends  (of class scala.reflect.internal.Trees$ClassDef)
	at scala.tools.nsc.typechecker.Unapplies.constrParamss(Unapplies.scala:64)
	at scala.tools.nsc.typechecker.Unapplies.factoryMeth(Unapplies.scala:141)
	at scala.tools.nsc.typechecker.Unapplies.factoryMeth$(Unapplies.scala:138)
	at scala.meta.internal.pc.MetalsGlobal$MetalsInteractiveAnalyzer.factoryMeth(MetalsGlobal.scala:58)
	at scala.tools.nsc.typechecker.MethodSynthesis$MethodSynth.enterImplicitWrapper(MethodSynthesis.scala:229)
	at scala.tools.nsc.typechecker.MethodSynthesis$MethodSynth.enterImplicitWrapper$(MethodSynthesis.scala:228)
	at scala.tools.nsc.typechecker.Namers$Namer.enterImplicitWrapper(Namers.scala:58)
	at scala.tools.nsc.interactive.InteractiveAnalyzer$InteractiveNamer.enterExistingSym(Global.scala:94)
	at scala.tools.nsc.interactive.InteractiveAnalyzer$InteractiveNamer.enterExistingSym$(Global.scala:80)
	at scala.tools.nsc.interactive.InteractiveAnalyzer$$anon$2.enterExistingSym(Global.scala:51)
	at scala.tools.nsc.typechecker.Namers$Namer.standardEnterSym(Namers.scala:298)
	at scala.tools.nsc.typechecker.AnalyzerPlugins.pluginsEnterSym(AnalyzerPlugins.scala:479)
	at scala.tools.nsc.typechecker.AnalyzerPlugins.pluginsEnterSym$(AnalyzerPlugins.scala:478)
	at scala.meta.internal.pc.MetalsGlobal$MetalsInteractiveAnalyzer.pluginsEnterSym(MetalsGlobal.scala:58)
	at scala.tools.nsc.typechecker.Namers$Namer.enterSym(Namers.scala:272)
	at scala.tools.nsc.typechecker.Typers$Typer.enterSym(Typers.scala:1933)
	at scala.tools.nsc.typechecker.Typers$Typer.$anonfun$enterSyms$1(Typers.scala:1928)
	at scala.tools.nsc.typechecker.Typers$Typer.enterSyms(Typers.scala:1928)
	at scala.tools.nsc.typechecker.Typers$Typer.typedTemplate(Typers.scala:1990)
	at scala.tools.nsc.typechecker.Typers$Typer.typedClassDef(Typers.scala:1830)
	at scala.tools.nsc.typechecker.Typers$Typer.typed1(Typers.scala:5644)
	at scala.tools.nsc.typechecker.Typers$Typer.typed(Typers.scala:5724)
	at scala.tools.nsc.typechecker.Typers$Typer.typedStat$1(Typers.scala:5788)
	at scala.tools.nsc.typechecker.Typers$Typer.$anonfun$typedStats$10(Typers.scala:3335)
	at scala.tools.nsc.typechecker.Typers$Typer.typedStats(Typers.scala:3335)
	at scala.tools.nsc.typechecker.Typers$Typer.typedPackageDef$1(Typers.scala:5354)
	at scala.tools.nsc.typechecker.Typers$Typer.typed1(Typers.scala:5647)
	at scala.tools.nsc.typechecker.Typers$Typer.typed(Typers.scala:5724)
	at scala.tools.nsc.typechecker.Analyzer$typerFactory$TyperPhase.apply(Analyzer.scala:115)
	at scala.tools.nsc.Global$GlobalPhase.applyPhase(Global.scala:454)
	at scala.tools.nsc.interactive.Global$TyperRun.$anonfun$applyPhase$1(Global.scala:1340)
	at scala.tools.nsc.interactive.Global$TyperRun.applyPhase(Global.scala:1340)
	at scala.tools.nsc.interactive.Global$TyperRun.typeCheck(Global.scala:1333)
	at scala.tools.nsc.interactive.Global.typeCheck(Global.scala:665)
	at scala.tools.nsc.interactive.Global.typedTreeAt(Global.scala:814)
	at scala.tools.nsc.interactive.Global.completionsAt(Global.scala:1225)
	at scala.meta.internal.pc.CompletionProvider.safeCompletionsAt(CompletionProvider.scala:397)
	at scala.meta.internal.pc.CompletionProvider.completions(CompletionProvider.scala:57)

9 10, 2020 12:41:00 午前 scala.meta.internal.pc.CompilerAccess retryWithCleanCompiler
情報: compiler crashed due to an error in the Scala compiler, retrying with new compiler instance.
9 10, 2020 12:41:00 午前 scala.meta.internal.pc.CompilerAccess handleError
重大: implicit class <error> extends  (of class scala.reflect.internal.Trees$ClassDef)
scala.MatchError: implicit class <error> extends  (of class scala.reflect.internal.Trees$ClassDef)
	at scala.tools.nsc.typechecker.Unapplies.constrParamss(Unapplies.scala:64)
	at scala.tools.nsc.typechecker.Unapplies.factoryMeth(Unapplies.scala:141)
	at scala.tools.nsc.typechecker.Unapplies.factoryMeth$(Unapplies.scala:138)
	at scala.meta.internal.pc.MetalsGlobal$MetalsInteractiveAnalyzer.factoryMeth(MetalsGlobal.scala:58)
	at scala.tools.nsc.typechecker.MethodSynthesis$MethodSynth.enterImplicitWrapper(MethodSynthesis.scala:229)
	at scala.tools.nsc.typechecker.MethodSynthesis$MethodSynth.enterImplicitWrapper$(MethodSynthesis.scala:228)
	at scala.tools.nsc.typechecker.Namers$Namer.enterImplicitWrapper(Namers.scala:58)
	at scala.tools.nsc.interactive.InteractiveAnalyzer$InteractiveNamer.enterExistingSym(Global.scala:94)
	at scala.tools.nsc.interactive.InteractiveAnalyzer$InteractiveNamer.enterExistingSym$(Global.scala:80)
	at scala.tools.nsc.interactive.InteractiveAnalyzer$$anon$2.enterExistingSym(Global.scala:51)
	at scala.tools.nsc.typechecker.Namers$Namer.standardEnterSym(Namers.scala:298)
	at scala.tools.nsc.typechecker.AnalyzerPlugins.pluginsEnterSym(AnalyzerPlugins.scala:479)
	at scala.tools.nsc.typechecker.AnalyzerPlugins.pluginsEnterSym$(AnalyzerPlugins.scala:478)
	at scala.meta.internal.pc.MetalsGlobal$MetalsInteractiveAnalyzer.pluginsEnterSym(MetalsGlobal.scala:58)
	at scala.tools.nsc.typechecker.Namers$Namer.enterSym(Namers.scala:272)
	at scala.tools.nsc.typechecker.Typers$Typer.enterSym(Typers.scala:1933)
	at scala.tools.nsc.typechecker.Typers$Typer.$anonfun$enterSyms$1(Typers.scala:1928)
	at scala.tools.nsc.typechecker.Typers$Typer.enterSyms(Typers.scala:1928)
	at scala.tools.nsc.typechecker.Typers$Typer.typedTemplate(Typers.scala:1990)
	at scala.tools.nsc.typechecker.Typers$Typer.typedClassDef(Typers.scala:1830)
	at scala.tools.nsc.typechecker.Typers$Typer.typed1(Typers.scala:5644)
	at scala.tools.nsc.typechecker.Typers$Typer.typed(Typers.scala:5724)
	at scala.tools.nsc.typechecker.Typers$Typer.typedStat$1(Typers.scala:5788)
	at scala.tools.nsc.typechecker.Typers$Typer.$anonfun$typedStats$10(Typers.scala:3335)
	at scala.tools.nsc.typechecker.Typers$Typer.typedStats(Typers.scala:3335)
	at scala.tools.nsc.typechecker.Typers$Typer.typedPackageDef$1(Typers.scala:5354)
	at scala.tools.nsc.typechecker.Typers$Typer.typed1(Typers.scala:5647)
	at scala.tools.nsc.typechecker.Typers$Typer.typed(Typers.scala:5724)
	at scala.tools.nsc.typechecker.Analyzer$typerFactory$TyperPhase.apply(Analyzer.scala:115)
	at scala.tools.nsc.Global$GlobalPhase.applyPhase(Global.scala:454)
	at scala.tools.nsc.interactive.Global$TyperRun.$anonfun$applyPhase$1(Global.scala:1340)
	at scala.tools.nsc.interactive.Global$TyperRun.applyPhase(Global.scala:1340)
	at scala.tools.nsc.interactive.Global$TyperRun.typeCheck(Global.scala:1333)
	at scala.tools.nsc.interactive.Global.typeCheck(Global.scala:665)
	at scala.tools.nsc.interactive.Global.typedTreeAt(Global.scala:814)
	at scala.tools.nsc.interactive.Global.completionsAt(Global.scala:1225)
	at scala.meta.internal.pc.CompletionProvider.safeCompletionsAt(CompletionProvider.scala:397)
	at scala.meta.internal.pc.CompletionProvider.completions(CompletionProvider.scala:57)

9 10, 2020 12:41:18 午前 org.eclipse.lsp4j.jsonrpc.RemoteEndpoint handleCancellation
警告: Unmatched cancel notification for request id 26
2020.09.10 00:41:31 WARN  no build target for: /Users/kushirotaichi/dev/optimization-lib/src/main/scala/optimization/lib/shift-scheduling/Model.scala
9 10, 2020 12:42:13 午前 org.eclipse.lsp4j.jsonrpc.RemoteEndpoint handleCancellation
警告: Unmatched cancel notification for request id 46
9 10, 2020 12:42:22 午前 org.eclipse.lsp4j.jsonrpc.RemoteEndpoint handleCancellation
警告: Unmatched cancel notification for request id 64
2020.09.10 00:42:39 WARN  no build target for: /Users/kushirotaichi/dev/optimization-lib/src/main/scala/optimization/lib/shift-scheduling/Model.scala
9 10, 2020 12:42:58 午前 org.eclipse.lsp4j.jsonrpc.RemoteEndpoint handleCancellation
警告: Unmatched cancel notification for request id 72
9 10, 2020 12:43:11 午前 org.eclipse.lsp4j.jsonrpc.RemoteEndpoint handleCancellation
警告: Unmatched cancel notification for request id 86
9 10, 2020 12:43:25 午前 org.eclipse.lsp4j.jsonrpc.RemoteEndpoint handleCancellation
警告: Unmatched cancel notification for request id 94
2020.09.10 00:43:30 WARN  no build target for: /Users/kushirotaichi/dev/optimization-lib/src/main/scala/optimization/lib/shift-scheduling/Model.scala
2020.09.12 13:32:12 WARN  no build target for: /Users/kushirotaichi/dev/optimization-lib/src/main/scala/optimization/lib/shift-scheduling/Model.scala
9 12, 2020 1:32:21 午後 org.eclipse.lsp4j.jsonrpc.RemoteEndpoint handleCancellation
警告: Unmatched cancel notification for request id 102
2020.09.12 13:32:28 WARN  no build target for: /Users/kushirotaichi/dev/optimization-lib/src/main/scala/optimization/lib/shift-scheduling/Model.scala
9 12, 2020 1:34:36 午後 org.eclipse.lsp4j.jsonrpc.RemoteEndpoint handleCancellation
警告: Unmatched cancel notification for request id 113
something's wrong: no file:///Users/kushirotaichi/dev/optimization-lib/src/main/scala/optimization/lib/shift-scheduling/Model.scala in Set[<error>]RangePosition(file:///Users/kushirotaichi/dev/optimization-lib/src/main/scala/optimization/lib/shift-scheduling/Model.scala, 191, 191, 203)
2020.09.12 13:34:44 WARN  no build target for: /Users/kushirotaichi/dev/optimization-lib/src/main/scala/optimization/lib/shift-scheduling/Model.scala
9 12, 2020 1:36:01 午後 org.eclipse.lsp4j.jsonrpc.RemoteEndpoint handleCancellation
警告: Unmatched cancel notification for request id 134
something's wrong: no file:///Users/kushirotaichi/dev/optimization-lib/src/main/scala/optimization/lib/shift-scheduling/Model.scala in Set[<error>]RangePosition(file:///Users/kushirotaichi/dev/optimization-lib/src/main/scala/optimization/lib/shift-scheduling/Model.scala, 214, 214, 226)
2020.09.12 13:36:06 WARN  no build target for: /Users/kushirotaichi/dev/optimization-lib/src/main/scala/optimization/lib/shift-scheduling/Model.scala
9 12, 2020 1:39:46 午後 org.eclipse.lsp4j.jsonrpc.RemoteEndpoint handleCancellation
警告: Unmatched cancel notification for request id 151
9 12, 2020 1:39:48 午後 org.eclipse.lsp4j.jsonrpc.RemoteEndpoint handleCancellation
警告: Unmatched cancel notification for request id 173
2020.09.12 13:41:01 WARN  no build target for: /Users/kushirotaichi/dev/optimization-lib/src/main/scala/optimization/lib/shift-scheduling/Model.scala
2020.09.12 13:41:12 WARN  no build target for: /Users/kushirotaichi/dev/optimization-lib/src/main/scala/optimization/lib/shift-scheduling/Model.scala
2020.09.12 13:41:45 WARN  no build target for: /Users/kushirotaichi/dev/optimization-lib/src/main/scala/optimization/lib/shift-scheduling/Model.scala
9 12, 2020 1:43:45 午後 org.eclipse.lsp4j.jsonrpc.RemoteEndpoint handleCancellation
警告: Unmatched cancel notification for request id 174
9 12, 2020 1:43:48 午後 org.eclipse.lsp4j.jsonrpc.RemoteEndpoint handleCancellation
警告: Unmatched cancel notification for request id 236
9 12, 2020 1:44:24 午後 org.eclipse.lsp4j.jsonrpc.RemoteEndpoint handleCancellation
警告: Unmatched cancel notification for request id 237
9 12, 2020 1:44:37 午後 org.eclipse.lsp4j.jsonrpc.RemoteEndpoint handleCancellation
警告: Unmatched cancel notification for request id 247
2020.09.12 13:45:06 WARN  no build target for: /Users/kushirotaichi/dev/optimization-lib/src/main/scala/optimization/lib/shift-scheduling/Model.scala
2020.09.12 13:45:42 WARN  no build target for: /Users/kushirotaichi/dev/optimization-lib/src/main/scala/optimization/lib/shift-scheduling/Model.scala
2020.09.12 13:45:59 WARN  no build target for: /Users/kushirotaichi/dev/optimization-lib/src/main/scala/optimization/lib/shift-scheduling/Model.scala
9 12, 2020 1:46:17 午後 org.eclipse.lsp4j.jsonrpc.RemoteEndpoint handleCancellation
警告: Unmatched cancel notification for request id 251
2020.09.12 13:46:28 WARN  no build target for: /Users/kushirotaichi/dev/optimization-lib/src/main/scala/optimization/lib/shift-scheduling/Model.scala
2020.09.12 13:46:38 WARN  no build target for: /Users/kushirotaichi/dev/optimization-lib/src/main/scala/optimization/lib/shift-scheduling/Model.scala
2020.09.12 13:46:48 WARN  no build target for: /Users/kushirotaichi/dev/optimization-lib/src/main/scala/optimization/lib/shift-scheduling/Model.scala
2020.09.12 13:47:21 WARN  no build target for: /Users/kushirotaichi/dev/optimization-lib/src/main/scala/optimization/lib/shift-scheduling/Model.scala
2020.09.12 13:47:36 WARN  no build target for: /Users/kushirotaichi/dev/optimization-lib/src/main/scala/optimization/lib/shift-scheduling/Model.scala
2020.09.12 13:47:54 WARN  no build target for: /Users/kushirotaichi/dev/optimization-lib/src/main/scala/optimization/lib/shift-scheduling/Model.scala
2020.09.12 13:48:49 WARN  no build target for: /Users/kushirotaichi/dev/optimization-lib/src/main/scala/optimization/lib/shift-scheduling/Model.scala
2020.09.12 14:11:59 WARN  no build target for: /Users/kushirotaichi/dev/optimization-lib/src/main/scala/optimization/lib/shift-scheduling/Model.scala
9 12, 2020 2:13:21 午後 org.eclipse.lsp4j.jsonrpc.RemoteEndpoint handleCancellation
警告: Unmatched cancel notification for request id 272
9 12, 2020 2:13:38 午後 org.eclipse.lsp4j.jsonrpc.RemoteEndpoint handleCancellation
警告: Unmatched cancel notification for request id 340
9 12, 2020 2:14:46 午後 org.eclipse.lsp4j.jsonrpc.RemoteEndpoint handleCancellation
警告: Unmatched cancel notification for request id 349
9 12, 2020 2:15:26 午後 org.eclipse.lsp4j.jsonrpc.RemoteEndpoint handleCancellation
警告: Unmatched cancel notification for request id 374
9 12, 2020 2:36:25 午後 org.eclipse.lsp4j.jsonrpc.RemoteEndpoint handleCancellation
警告: Unmatched cancel notification for request id 380
9 12, 2020 2:36:58 午後 org.eclipse.lsp4j.jsonrpc.RemoteEndpoint handleCancellation
警告: Unmatched cancel notification for request id 393
9 12, 2020 2:36:59 午後 org.eclipse.lsp4j.jsonrpc.RemoteEndpoint handleCancellation
警告: Unmatched cancel notification for request id 402
2020.09.12 14:37:08 WARN  no build target for: /Users/kushirotaichi/dev/optimization-lib/src/main/scala/optimization/lib/shift-scheduling/Model.scala
2020.09.12 14:37:25 WARN  no build target for: /Users/kushirotaichi/dev/optimization-lib/src/main/scala/optimization/lib/shift-scheduling/Model.scala
9 12, 2020 2:39:13 午後 org.eclipse.lsp4j.jsonrpc.RemoteEndpoint handleCancellation
警告: Unmatched cancel notification for request id 403
2020.09.12 14:39:19 WARN  no build target for: /Users/kushirotaichi/dev/optimization-lib/src/main/scala/optimization/lib/shift-scheduling/Model.scala
9 12, 2020 2:40:26 午後 org.eclipse.lsp4j.jsonrpc.RemoteEndpoint handleCancellation
警告: Unmatched cancel notification for request id 432
2020.09.12 14:40:29 WARN  no build target for: /Users/kushirotaichi/dev/optimization-lib/src/main/scala/optimization/lib/shift-scheduling/Model.scala
2020.09.12 14:41:23 WARN  no build target for: /Users/kushirotaichi/dev/optimization-lib/src/main/scala/optimization/lib/shift-scheduling/Model.scala
9 12, 2020 2:43:52 午後 org.eclipse.lsp4j.jsonrpc.RemoteEndpoint handleCancellation
警告: Unmatched cancel notification for request id 451
9 12, 2020 2:44:01 午後 org.eclipse.lsp4j.jsonrpc.RemoteEndpoint handleCancellation
警告: Unmatched cancel notification for request id 459
9 12, 2020 2:44:07 午後 org.eclipse.lsp4j.jsonrpc.RemoteEndpoint handleCancellation
警告: Unmatched cancel notification for request id 469
2020.09.12 14:44:18 WARN  no build target for: /Users/kushirotaichi/dev/optimization-lib/src/main/scala/optimization/lib/shift-scheduling/Model.scala
2020.09.12 14:44:26 WARN  no build target for: /Users/kushirotaichi/dev/optimization-lib/src/main/scala/optimization/lib/shift-scheduling/Model.scala
2020.09.12 14:45:22 WARN  no build target for: /Users/kushirotaichi/dev/optimization-lib/src/test/scala/optimization/lib/shift-scheduling/Model.scala
2020.09.12 14:47:30 WARN  no build target for: /Users/kushirotaichi/dev/optimization-lib/src/test/scala/optimization/lib/shift-scheduling/Model.scala
2020.09.12 14:48:05 INFO  started: Metals version 0.9.2 in workspace '/Users/kushirotaichi/dev/optimization-lib' for client coc-metals.
2020.09.12 14:48:05 INFO  time: initialize in 0.34s
2020.09.12 14:48:35 INFO  no build target: using presentation compiler with only scala-library
2020.09.12 14:48:36 WARN  no build target for: /Users/kushirotaichi/dev/optimization-lib/src/test/scala/optimization/lib/shift-scheduling/Model.scala
2020.09.12 14:49:38 WARN  no build target for: /Users/kushirotaichi/dev/optimization-lib/src/test/scala/optimization/lib/shift-scheduling/Model.scala
2020.09.12 14:50:39 WARN  no build target for: /Users/kushirotaichi/dev/optimization-lib/src/test/scala/optimization/lib/shift-scheduling/Model.scala
2020.09.12 14:50:58 WARN  no build target for: /Users/kushirotaichi/dev/optimization-lib/src/test/scala/optimization/lib/shift-scheduling/Model.scala
2020.09.12 14:51:20 WARN  no build target for: /Users/kushirotaichi/dev/optimization-lib/src/test/scala/optimization/lib/shift-scheduling/Model.scala
2020.09.12 14:51:37 WARN  no build target for: /Users/kushirotaichi/dev/optimization-lib/src/test/scala/optimization/lib/shift-scheduling/Model.scala
2020.09.12 14:53:20 INFO  started: Metals version 0.9.2 in workspace '/Users/kushirotaichi/dev/optimization-lib' for client coc-metals.
2020.09.12 14:53:20 INFO  time: initialize in 0.37s
2020.09.12 14:54:16 INFO  started: Metals version 0.9.2 in workspace '/Users/kushirotaichi/dev/optimization-lib' for client coc-metals.
2020.09.12 14:54:16 INFO  time: initialize in 0.34s
2020.09.12 14:54:20 INFO  skipping build import with status 'Dismissed'
2020.09.12 14:54:46 INFO  started: Metals version 0.9.2 in workspace '/Users/kushirotaichi/dev/optimization-lib' for client coc-metals.
2020.09.12 14:54:46 INFO  time: initialize in 0.33s
2020.09.12 14:54:47 INFO  skipping build import with status 'Dismissed'
2020.09.12 14:56:44 INFO  no build target: using presentation compiler with only scala-library
2020.09.12 14:56:45 WARN  no build target for: /Users/kushirotaichi/dev/optimization-lib/src/test/scala/optimization/lib/shift-scheduling/Model.scala
2020.09.12 14:57:01 WARN  no build target for: /Users/kushirotaichi/dev/optimization-lib/src/test/scala/optimization/lib/shift-scheduling/ModelTest.scala
2020.09.12 14:57:04 WARN  no build target for: /Users/kushirotaichi/dev/optimization-lib/src/test/scala/optimization/lib/shift-scheduling/ModelTest.scala
2020.09.12 14:57:41 INFO  started: Metals version 0.9.2 in workspace '/Users/kushirotaichi/dev/optimization-lib' for client coc-metals.
2020.09.12 14:57:42 INFO  time: initialize in 0.32s
2020.09.12 14:58:53 INFO  started: Metals version 0.9.2 in workspace '/Users/kushirotaichi/dev/optimization-lib' for client coc-metals.
2020.09.12 14:58:53 INFO  time: initialize in 0.34s
2020.09.12 14:58:54 INFO  no build target: using presentation compiler with only scala-library
2020.09.12 14:58:54 INFO  skipping build import with status 'Dismissed'
2020.09.12 14:58:55 WARN  no build target for: /Users/kushirotaichi/dev/optimization-lib/src/test/scala/optimization/lib/shift-scheduling/ModelTest.scala
2020.09.12 15:00:17 WARN  no build target for: /Users/kushirotaichi/dev/optimization-lib/src/main/scala/optimization/lib/shift-scheduling/Model.scala
2020.09.12 15:00:27 WARN  no build target for: /Users/kushirotaichi/dev/optimization-lib/src/main/scala/optimization/lib/shift-scheduling/Model.scala
2020.09.12 15:03:24 WARN  no build target for: /Users/kushirotaichi/dev/optimization-lib/src/main/scala/optimization/lib/shift-scheduling/Model.scala
2020.09.12 15:05:23 WARN  no build target for: /Users/kushirotaichi/dev/optimization-lib/src/main/scala/optimization/lib/shift-scheduling/Model.scala
9 12, 2020 3:05:50 午後 org.eclipse.lsp4j.jsonrpc.RemoteEndpoint handleCancellation
警告: Unmatched cancel notification for request id 20
2020.09.12 15:05:51 WARN  no build target for: /Users/kushirotaichi/dev/optimization-lib/src/main/scala/optimization/lib/shift-scheduling/Model.scala
2020.09.12 15:06:31 WARN  no build target for: /Users/kushirotaichi/dev/optimization-lib/src/main/scala/optimization/lib/shift-scheduling/Model.scala
2020.09.12 15:06:40 WARN  no build target for: /Users/kushirotaichi/dev/optimization-lib/src/main/scala/optimization/lib/shift-scheduling/Model.scala
2020.09.12 15:15:21 WARN  no build target for: /Users/kushirotaichi/dev/optimization-lib/src/main/scala/optimization/lib/shift-scheduling/Model.scala
2020.09.12 18:30:36 WARN  no build target for: /Users/kushirotaichi/dev/optimization-lib/src/test/scala/optimization/lib/shift-scheduling/ModelTest.scala
2020.09.12 18:30:39 WARN  no build target for: /Users/kushirotaichi/dev/optimization-lib/src/test/scala/optimization/lib/shift-scheduling/ModelTest.scala
2020.09.13 13:19:10 WARN  no build target for: /Users/kushirotaichi/dev/optimization-lib/src/test/scala/optimization/lib/shift-scheduling/ModelTest.scala
2020.09.13 13:19:41 WARN  no build target for: /Users/kushirotaichi/dev/optimization-lib/src/test/scala/optimization/lib/shift-scheduling/ModelTest.scala
2020.09.13 13:19:54 WARN  no build target for: /Users/kushirotaichi/dev/optimization-lib/src/test/scala/optimization/lib/shift-scheduling/ModelTest.scala
2020.09.13 13:23:10 WARN  no build target for: /Users/kushirotaichi/dev/optimization-lib/src/test/scala/optimization/lib/shift-scheduling/ModelTest.scala
2020.09.13 13:42:45 INFO  skipping build import with status 'Requested'
2020.09.13 13:45:10 WARN  no build target for: /Users/kushirotaichi/dev/optimization-lib/src/test/scala/optimization/lib/shift-scheduling/ModelTest.scala
2020.09.13 13:45:25 WARN  no build target for: /Users/kushirotaichi/dev/optimization-lib/src/test/scala/optimization/lib/shift-scheduling/ModelTest.scala
9 13, 2020 1:45:42 午後 org.eclipse.lsp4j.jsonrpc.RemoteEndpoint handleCancellation
警告: Unmatched cancel notification for request id 78
2020.09.13 13:45:46 WARN  no build target for: /Users/kushirotaichi/dev/optimization-lib/src/test/scala/optimization/lib/shift-scheduling/ModelTest.scala
2020.09.13 13:46:06 WARN  no build target for: /Users/kushirotaichi/dev/optimization-lib/src/main/scala/optimization/lib/shift-scheduling/Model.scala
9 13, 2020 1:46:42 午後 org.eclipse.lsp4j.jsonrpc.RemoteEndpoint handleCancellation
警告: Unmatched cancel notification for request id 142
9 13, 2020 1:46:43 午後 org.eclipse.lsp4j.jsonrpc.RemoteEndpoint fallbackResponseError
重大: Internal error: java.lang.InterruptedException
java.util.concurrent.CompletionException: java.lang.InterruptedException
	at java.util.concurrent.CompletableFuture.encodeThrowable(CompletableFuture.java:273)
	at java.util.concurrent.CompletableFuture.completeThrowable(CompletableFuture.java:280)
	at java.util.concurrent.CompletableFuture.uniAccept(CompletableFuture.java:673)
	at java.util.concurrent.CompletableFuture$UniAccept.tryFire(CompletableFuture.java:646)
	at java.util.concurrent.CompletableFuture.postComplete(CompletableFuture.java:488)
	at java.util.concurrent.CompletableFuture.complete(CompletableFuture.java:1975)
	at scala.meta.internal.metals.CancelTokens$.$anonfun$future$1(CancelTokens.scala:42)
	at scala.meta.internal.metals.CancelTokens$.$anonfun$future$1$adapted(CancelTokens.scala:38)
	at scala.concurrent.impl.CallbackRunnable.run(Promise.scala:64)
	at java.util.concurrent.ThreadPoolExecutor.runWorker(ThreadPoolExecutor.java:1149)
	at java.util.concurrent.ThreadPoolExecutor$Worker.run(ThreadPoolExecutor.java:624)
	at java.lang.Thread.run(Thread.java:748)
Caused by: java.lang.InterruptedException
	at scala.meta.internal.metals.FutureCancelToken.checkCanceled(FutureCancelToken.scala:29)
	at scala.meta.pc.VirtualFileParams.checkCanceled(VirtualFileParams.java:25)
	at scala.meta.internal.pc.CompletionProvider.$anonfun$completions$1(CompletionProvider.scala:77)
	at scala.collection.Iterator$$anon$10.next(Iterator.scala:461)
	at scala.collection.Iterator.toStream(Iterator.scala:1417)
	at scala.collection.Iterator.toStream$(Iterator.scala:1416)
	at scala.collection.AbstractIterator.toStream(Iterator.scala:1431)
	at scala.collection.Iterator.$anonfun$toStream$1(Iterator.scala:1417)
	at scala.collection.immutable.Stream$Cons.tail(Stream.scala:1173)
	at scala.collection.immutable.Stream$Cons.tail(Stream.scala:1163)
	at scala.collection.immutable.StreamIterator.$anonfun$next$1(Stream.scala:1061)
	at scala.collection.immutable.StreamIterator$LazyCell.v$lzycompute(Stream.scala:1050)
	at scala.collection.immutable.StreamIterator$LazyCell.v(Stream.scala:1050)
	at scala.collection.immutable.StreamIterator.hasNext(Stream.scala:1055)
	at scala.collection.convert.Wrappers$IteratorWrapper.hasNext(Wrappers.scala:31)
	at org.eclipse.lsp4j.jsonrpc.json.adapters.CollectionTypeAdapter.write(CollectionTypeAdapter.java:134)
	at org.eclipse.lsp4j.jsonrpc.json.adapters.CollectionTypeAdapter.write(CollectionTypeAdapter.java:40)
	at com.google.gson.internal.bind.TypeAdapterRuntimeTypeWrapper.write(TypeAdapterRuntimeTypeWrapper.java:69)
	at com.google.gson.internal.bind.ReflectiveTypeAdapterFactory$1.write(ReflectiveTypeAdapterFactory.java:125)
	at com.google.gson.internal.bind.ReflectiveTypeAdapterFactory$Adapter.write(ReflectiveTypeAdapterFactory.java:243)
	at com.google.gson.Gson.toJson(Gson.java:669)
	at org.eclipse.lsp4j.jsonrpc.json.adapters.MessageTypeAdapter.write(MessageTypeAdapter.java:423)
	at org.eclipse.lsp4j.jsonrpc.json.adapters.MessageTypeAdapter.write(MessageTypeAdapter.java:55)
	at com.google.gson.Gson.toJson(Gson.java:669)
	at com.google.gson.Gson.toJson(Gson.java:648)
	at org.eclipse.lsp4j.jsonrpc.json.MessageJsonHandler.serialize(MessageJsonHandler.java:145)
	at org.eclipse.lsp4j.jsonrpc.json.MessageJsonHandler.serialize(MessageJsonHandler.java:140)
	at org.eclipse.lsp4j.jsonrpc.json.StreamMessageConsumer.consume(StreamMessageConsumer.java:59)
	at org.eclipse.lsp4j.jsonrpc.RemoteEndpoint.lambda$handleRequest$1(RemoteEndpoint.java:281)
	at java.util.concurrent.CompletableFuture.uniAccept(CompletableFuture.java:670)
	... 9 more

2020.09.13 13:46:54 WARN  no build target for: /Users/kushirotaichi/dev/optimization-lib/src/test/scala/optimization/lib/shift-scheduling/ModelTest.scala
9 13, 2020 1:47:01 午後 org.eclipse.lsp4j.jsonrpc.RemoteEndpoint handleCancellation
警告: Unmatched cancel notification for request id 152
9 13, 2020 1:47:02 午後 org.eclipse.lsp4j.jsonrpc.RemoteEndpoint handleCancellation
警告: Unmatched cancel notification for request id 165
9 13, 2020 1:47:21 午後 org.eclipse.lsp4j.jsonrpc.RemoteEndpoint fallbackResponseError
重大: Internal error: java.lang.InterruptedException
java.util.concurrent.CompletionException: java.lang.InterruptedException
	at java.util.concurrent.CompletableFuture.encodeThrowable(CompletableFuture.java:273)
	at java.util.concurrent.CompletableFuture.completeThrowable(CompletableFuture.java:280)
	at java.util.concurrent.CompletableFuture.uniAccept(CompletableFuture.java:673)
	at java.util.concurrent.CompletableFuture$UniAccept.tryFire(CompletableFuture.java:646)
	at java.util.concurrent.CompletableFuture.postComplete(CompletableFuture.java:488)
	at java.util.concurrent.CompletableFuture.complete(CompletableFuture.java:1975)
	at scala.meta.internal.metals.CancelTokens$.$anonfun$future$1(CancelTokens.scala:42)
	at scala.meta.internal.metals.CancelTokens$.$anonfun$future$1$adapted(CancelTokens.scala:38)
	at scala.concurrent.impl.CallbackRunnable.run(Promise.scala:64)
	at java.util.concurrent.ThreadPoolExecutor.runWorker(ThreadPoolExecutor.java:1149)
	at java.util.concurrent.ThreadPoolExecutor$Worker.run(ThreadPoolExecutor.java:624)
	at java.lang.Thread.run(Thread.java:748)
Caused by: java.lang.InterruptedException
	at scala.meta.internal.metals.FutureCancelToken.checkCanceled(FutureCancelToken.scala:29)
	at scala.meta.pc.VirtualFileParams.checkCanceled(VirtualFileParams.java:25)
	at scala.meta.internal.pc.CompletionProvider.$anonfun$completions$1(CompletionProvider.scala:77)
	at scala.collection.Iterator$$anon$10.next(Iterator.scala:461)
	at scala.collection.Iterator.toStream(Iterator.scala:1417)
	at scala.collection.Iterator.toStream$(Iterator.scala:1416)
	at scala.collection.AbstractIterator.toStream(Iterator.scala:1431)
	at scala.collection.Iterator.$anonfun$toStream$1(Iterator.scala:1417)
	at scala.collection.immutable.Stream$Cons.tail(Stream.scala:1173)
	at scala.collection.immutable.Stream$Cons.tail(Stream.scala:1163)
	at scala.collection.immutable.StreamIterator.$anonfun$next$1(Stream.scala:1061)
	at scala.collection.immutable.StreamIterator$LazyCell.v$lzycompute(Stream.scala:1050)
	at scala.collection.immutable.StreamIterator$LazyCell.v(Stream.scala:1050)
	at scala.collection.immutable.StreamIterator.hasNext(Stream.scala:1055)
	at scala.collection.convert.Wrappers$IteratorWrapper.hasNext(Wrappers.scala:31)
	at org.eclipse.lsp4j.jsonrpc.json.adapters.CollectionTypeAdapter.write(CollectionTypeAdapter.java:134)
	at org.eclipse.lsp4j.jsonrpc.json.adapters.CollectionTypeAdapter.write(CollectionTypeAdapter.java:40)
	at com.google.gson.internal.bind.TypeAdapterRuntimeTypeWrapper.write(TypeAdapterRuntimeTypeWrapper.java:69)
	at com.google.gson.internal.bind.ReflectiveTypeAdapterFactory$1.write(ReflectiveTypeAdapterFactory.java:125)
	at com.google.gson.internal.bind.ReflectiveTypeAdapterFactory$Adapter.write(ReflectiveTypeAdapterFactory.java:243)
	at com.google.gson.Gson.toJson(Gson.java:669)
	at org.eclipse.lsp4j.jsonrpc.json.adapters.MessageTypeAdapter.write(MessageTypeAdapter.java:423)
	at org.eclipse.lsp4j.jsonrpc.json.adapters.MessageTypeAdapter.write(MessageTypeAdapter.java:55)
	at com.google.gson.Gson.toJson(Gson.java:669)
	at com.google.gson.Gson.toJson(Gson.java:648)
	at org.eclipse.lsp4j.jsonrpc.json.MessageJsonHandler.serialize(MessageJsonHandler.java:145)
	at org.eclipse.lsp4j.jsonrpc.json.MessageJsonHandler.serialize(MessageJsonHandler.java:140)
	at org.eclipse.lsp4j.jsonrpc.json.StreamMessageConsumer.consume(StreamMessageConsumer.java:59)
	at org.eclipse.lsp4j.jsonrpc.RemoteEndpoint.lambda$handleRequest$1(RemoteEndpoint.java:281)
	at java.util.concurrent.CompletableFuture.uniAccept(CompletableFuture.java:670)
	... 9 more

9 13, 2020 1:47:22 午後 org.eclipse.lsp4j.jsonrpc.RemoteEndpoint handleCancellation
警告: Unmatched cancel notification for request id 166
2020.09.13 13:47:46 WARN  no build target for: /Users/kushirotaichi/dev/optimization-lib/src/test/scala/optimization/lib/shift-scheduling/ModelTest.scala
2020.09.13 13:48:43 WARN  no build target for: /Users/kushirotaichi/dev/optimization-lib/src/test/scala/optimization/lib/shift-scheduling/ModelTest.scala
2020.09.13 13:49:08 WARN  no build target for: /Users/kushirotaichi/dev/optimization-lib/src/test/scala/optimization/lib/shift-scheduling/ModelTest.scala
9 13, 2020 1:49:45 午後 org.eclipse.lsp4j.jsonrpc.RemoteEndpoint handleCancellation
警告: Unmatched cancel notification for request id 186
2020.09.13 13:49:47 WARN  no build target for: /Users/kushirotaichi/dev/optimization-lib/src/test/scala/optimization/lib/shift-scheduling/ModelTest.scala
2020.09.13 13:50:06 WARN  no build target for: /Users/kushirotaichi/dev/optimization-lib/src/test/scala/optimization/lib/shift-scheduling/ModelTest.scala
9 13, 2020 1:52:36 午後 org.eclipse.lsp4j.jsonrpc.RemoteEndpoint handleCancellation
警告: Unmatched cancel notification for request id 208
2020.09.13 13:52:39 WARN  no build target for: /Users/kushirotaichi/dev/optimization-lib/src/test/scala/optimization/lib/shift-scheduling/ModelTest.scala
2020.09.13 13:53:12 WARN  no build target for: /Users/kushirotaichi/dev/optimization-lib/src/test/scala/optimization/lib/shift-scheduling/ModelTest.scala
9 13, 2020 1:53:30 午後 org.eclipse.lsp4j.jsonrpc.RemoteEndpoint handleCancellation
警告: Unmatched cancel notification for request id 219
2020.09.13 13:53:32 WARN  no build target for: /Users/kushirotaichi/dev/optimization-lib/src/test/scala/optimization/lib/shift-scheduling/ModelTest.scala
2020.09.13 13:53:42 WARN  no build target for: /Users/kushirotaichi/dev/optimization-lib/src/test/scala/optimization/lib/shift-scheduling/ModelTest.scala
9 13, 2020 1:54:59 午後 org.eclipse.lsp4j.jsonrpc.RemoteEndpoint handleCancellation
警告: Unmatched cancel notification for request id 236
9 13, 2020 1:55:03 午後 org.eclipse.lsp4j.jsonrpc.RemoteEndpoint handleCancellation
警告: Unmatched cancel notification for request id 245
9 13, 2020 1:55:11 午後 org.eclipse.lsp4j.jsonrpc.RemoteEndpoint handleCancellation
警告: Unmatched cancel notification for request id 251
2020.09.13 13:55:33 WARN  no build target for: /Users/kushirotaichi/dev/optimization-lib/src/test/scala/optimization/lib/shift-scheduling/ModelTest.scala
2020.09.13 13:55:36 WARN  no build target for: /Users/kushirotaichi/dev/optimization-lib/src/test/scala/optimization/lib/shift-scheduling/ModelTest.scala
2020.09.13 13:55:49 WARN  no build target for: /Users/kushirotaichi/dev/optimization-lib/src/test/scala/optimization/lib/shift-scheduling/ModelTest.scala
2020.09.13 13:57:24 WARN  no build target for: /Users/kushirotaichi/dev/optimization-lib/src/test/scala/optimization/lib/shift-scheduling/ModelTest.scala
2020.09.13 13:57:44 WARN  no build target for: /Users/kushirotaichi/dev/optimization-lib/src/test/scala/optimization/lib/shift-scheduling/ModelTest.scala
2020.09.13 13:58:47 WARN  no build target for: /Users/kushirotaichi/dev/optimization-lib/src/main/scala/optimization/lib/shift-scheduling/Model.scala
2020.09.13 13:59:10 WARN  no build target for: /Users/kushirotaichi/dev/optimization-lib/src/main/scala/optimization/lib/shift-scheduling/Model.scala
2020.09.13 13:59:14 WARN  no build target for: /Users/kushirotaichi/dev/optimization-lib/src/test/scala/optimization/lib/shift-scheduling/ModelTest.scala
2020.09.13 13:59:27 WARN  no build target for: /Users/kushirotaichi/dev/optimization-lib/src/main/scala/optimization/lib/shift-scheduling/Model.scala
2020.09.13 14:03:45 WARN  no build target for: /Users/kushirotaichi/dev/optimization-lib/src/main/scala/optimization/lib/shift-scheduling/Model.scala
9 13, 2020 2:06:22 午後 org.eclipse.lsp4j.jsonrpc.RemoteEndpoint handleCancellation
警告: Unmatched cancel notification for request id 260
9 13, 2020 2:07:04 午後 org.eclipse.lsp4j.jsonrpc.RemoteEndpoint handleCancellation
警告: Unmatched cancel notification for request id 305
2020.09.13 14:08:06 WARN  no build target for: /Users/kushirotaichi/dev/optimization-lib/src/main/scala/optimization/lib/shift-scheduling/Model.scala
2020.09.13 14:08:22 WARN  no build target for: /Users/kushirotaichi/dev/optimization-lib/src/main/scala/optimization/lib/shift-scheduling/Model.scala
2020.09.13 14:08:29 WARN  no build target for: /Users/kushirotaichi/dev/optimization-lib/src/main/scala/optimization/lib/shift-scheduling/Model.scala
2020.09.13 14:08:44 WARN  no build target for: /Users/kushirotaichi/dev/optimization-lib/src/main/scala/optimization/lib/shift-scheduling/Model.scala
2020.09.13 14:09:07 WARN  no build target for: /Users/kushirotaichi/dev/optimization-lib/src/main/scala/optimization/lib/shift-scheduling/Model.scala
9 13, 2020 2:09:13 午後 org.eclipse.lsp4j.jsonrpc.RemoteEndpoint handleCancellation
警告: Unmatched cancel notification for request id 319
9 13, 2020 2:09:37 午後 org.eclipse.lsp4j.jsonrpc.RemoteEndpoint handleCancellation
警告: Unmatched cancel notification for request id 334
9 13, 2020 2:09:49 午後 org.eclipse.lsp4j.jsonrpc.RemoteEndpoint handleCancellation
警告: Unmatched cancel notification for request id 343
2020.09.13 14:10:29 WARN  no build target for: /Users/kushirotaichi/dev/optimization-lib/src/main/scala/optimization/lib/shift-scheduling/Model.scala
9 13, 2020 2:10:43 午後 org.eclipse.lsp4j.jsonrpc.RemoteEndpoint handleCancellation
警告: Unmatched cancel notification for request id 349
2020.09.13 14:11:02 WARN  no build target for: /Users/kushirotaichi/dev/optimization-lib/src/main/scala/optimization/lib/shift-scheduling/Model.scala
2020.09.13 14:11:22 WARN  no build target for: /Users/kushirotaichi/dev/optimization-lib/src/main/scala/optimization/lib/shift-scheduling/Model.scala
9 13, 2020 2:11:57 午後 org.eclipse.lsp4j.jsonrpc.RemoteEndpoint handleCancellation
警告: Unmatched cancel notification for request id 365
9 13, 2020 2:12:05 午後 org.eclipse.lsp4j.jsonrpc.RemoteEndpoint handleCancellation
警告: Unmatched cancel notification for request id 373
9 13, 2020 2:12:20 午後 org.eclipse.lsp4j.jsonrpc.RemoteEndpoint handleCancellation
警告: Unmatched cancel notification for request id 379
9 13, 2020 2:12:37 午後 org.eclipse.lsp4j.jsonrpc.RemoteEndpoint handleCancellation
警告: Unmatched cancel notification for request id 383
2020.09.13 14:12:50 WARN  no build target for: /Users/kushirotaichi/dev/optimization-lib/src/main/scala/optimization/lib/shift-scheduling/Model.scala
2020.09.13 14:13:01 WARN  no build target for: /Users/kushirotaichi/dev/optimization-lib/src/main/scala/optimization/lib/shift-scheduling/Model.scala
2020.09.13 14:15:13 WARN  no build target for: /Users/kushirotaichi/dev/optimization-lib/src/main/scala/optimization/lib/shift-scheduling/Model.scala
2020.09.13 14:15:19 WARN  no build target for: /Users/kushirotaichi/dev/optimization-lib/src/main/scala/optimization/lib/shift-scheduling/Model.scala
9 13, 2020 2:15:44 午後 org.eclipse.lsp4j.jsonrpc.RemoteEndpoint handleCancellation
警告: Unmatched cancel notification for request id 387
9 13, 2020 2:15:50 午後 org.eclipse.lsp4j.jsonrpc.RemoteEndpoint handleCancellation
警告: Unmatched cancel notification for request id 398
9 13, 2020 2:16:02 午後 org.eclipse.lsp4j.jsonrpc.RemoteEndpoint handleCancellation
警告: Unmatched cancel notification for request id 405
2020.09.13 14:16:05 WARN  no build target for: /Users/kushirotaichi/dev/optimization-lib/src/main/scala/optimization/lib/shift-scheduling/Model.scala
9 13, 2020 2:16:52 午後 org.eclipse.lsp4j.jsonrpc.RemoteEndpoint handleCancellation
警告: Unmatched cancel notification for request id 411
9 13, 2020 2:19:01 午後 org.eclipse.lsp4j.jsonrpc.RemoteEndpoint handleCancellation
警告: Unmatched cancel notification for request id 416
9 13, 2020 2:19:16 午後 org.eclipse.lsp4j.jsonrpc.RemoteEndpoint handleCancellation
警告: Unmatched cancel notification for request id 428
9 13, 2020 2:19:35 午後 org.eclipse.lsp4j.jsonrpc.RemoteEndpoint handleCancellation
警告: Unmatched cancel notification for request id 432
9 13, 2020 2:19:42 午後 org.eclipse.lsp4j.jsonrpc.RemoteEndpoint handleCancellation
警告: Unmatched cancel notification for request id 442
2020.09.13 14:19:56 WARN  no build target for: /Users/kushirotaichi/dev/optimization-lib/src/main/scala/optimization/lib/shift-scheduling/Model.scala
9 13, 2020 2:20:43 午後 org.eclipse.lsp4j.jsonrpc.RemoteEndpoint handleCancellation
警告: Unmatched cancel notification for request id 448
2020.09.13 14:20:51 WARN  no build target for: /Users/kushirotaichi/dev/optimization-lib/src/main/scala/optimization/lib/shift-scheduling/Model.scala
2020.09.13 14:21:13 WARN  no build target for: /Users/kushirotaichi/dev/optimization-lib/src/main/scala/optimization/lib/shift-scheduling/Model.scala
2020.09.13 14:21:43 WARN  no build target for: /Users/kushirotaichi/dev/optimization-lib/src/main/scala/optimization/lib/shift-scheduling/Model.scala
2020.09.13 14:22:23 WARN  no build target for: /Users/kushirotaichi/dev/optimization-lib/src/test/scala/optimization/lib/shift-scheduling/ModelTest.scala
9 13, 2020 2:31:41 午後 org.eclipse.lsp4j.jsonrpc.RemoteEndpoint handleCancellation
警告: Unmatched cancel notification for request id 454
9 13, 2020 2:31:47 午後 org.eclipse.lsp4j.jsonrpc.RemoteEndpoint handleCancellation
警告: Unmatched cancel notification for request id 474
9 13, 2020 2:32:43 午後 org.eclipse.lsp4j.jsonrpc.RemoteEndpoint handleCancellation
警告: Unmatched cancel notification for request id 479
9 13, 2020 2:33:01 午後 org.eclipse.lsp4j.jsonrpc.RemoteEndpoint handleCancellation
警告: Unmatched cancel notification for request id 484
9 13, 2020 2:33:16 午後 org.eclipse.lsp4j.jsonrpc.RemoteEndpoint handleCancellation
警告: Unmatched cancel notification for request id 492
9 13, 2020 2:33:29 午後 org.eclipse.lsp4j.jsonrpc.RemoteEndpoint handleCancellation
警告: Unmatched cancel notification for request id 497
2020.09.13 14:33:36 WARN  no build target for: /Users/kushirotaichi/dev/optimization-lib/src/main/scala/optimization/lib/shift-scheduling/Model.scala
2020.09.13 14:33:42 WARN  no build target for: /Users/kushirotaichi/dev/optimization-lib/src/main/scala/optimization/lib/shift-scheduling/Model.scala
2020.09.13 14:33:47 WARN  no build target for: /Users/kushirotaichi/dev/optimization-lib/src/main/scala/optimization/lib/shift-scheduling/Model.scala
2020.09.13 14:33:52 WARN  no build target for: /Users/kushirotaichi/dev/optimization-lib/src/main/scala/optimization/lib/shift-scheduling/Model.scala
9 13, 2020 2:37:45 午後 org.eclipse.lsp4j.jsonrpc.RemoteEndpoint handleCancellation
警告: Unmatched cancel notification for request id 506
2020.09.13 14:37:52 WARN  no build target for: /Users/kushirotaichi/dev/optimization-lib/src/test/scala/optimization/lib/shift-scheduling/ModelTest.scala
2020.09.13 14:38:09 WARN  no build target for: /Users/kushirotaichi/dev/optimization-lib/src/test/scala/optimization/lib/shift-scheduling/ModelTest.scala
2020.09.13 14:38:53 WARN  no build target for: /Users/kushirotaichi/dev/optimization-lib/src/test/scala/optimization/lib/shift-scheduling/ModelTest.scala
2020.09.13 14:39:17 WARN  no build target for: /Users/kushirotaichi/dev/optimization-lib/src/test/scala/optimization/lib/shift-scheduling/ModelTest.scala
9 13, 2020 2:40:09 午後 org.eclipse.lsp4j.jsonrpc.RemoteEndpoint handleCancellation
警告: Unmatched cancel notification for request id 511
2020.09.13 14:40:12 WARN  no build target for: /Users/kushirotaichi/dev/optimization-lib/src/main/scala/optimization/lib/shift-scheduling/Model.scala
2020.09.13 14:44:33 WARN  no build target for: /Users/kushirotaichi/dev/optimization-lib/src/main/scala/optimization/lib/shift-scheduling/Model.scala
2020.09.13 14:48:39 WARN  no build target for: /Users/kushirotaichi/dev/optimization-lib/src/main/scala/optimization/lib/shift-scheduling/Model.scala
